C51 COMPILER V9.60.0.0   DELAY                                                             12/27/2022 13:31:03 PAGE 1   


C51 COMPILER V9.60.0.0, COMPILATION OF MODULE DELAY
OBJECT MODULE PLACED IN .\Objects\Delay.obj
COMPILER INVOKED BY: F:\Softwares\Keil\C51\BIN\C51.EXE Delay.c OPTIMIZE(8,SPEED) BROWSE DEBUG OBJECTEXTEND PRINT(.\Listi
                    -ngs\Delay.lst) TABS(2) OBJECT(.\Objects\Delay.obj)

line level    source

   1          #include "header.h"
   2          
   3          void Delay_ms (U16 ms) {
   4   1        U8 i;
   5   1        
   6   1        for ( ; ms > 0; ms--) {
   7   2          for (i = 50; i > 0; i--);
   8   2          for (i = 48; i > 0; i--);
   9   2        }
  10   1      }


MODULE INFORMATION:   STATIC OVERLAYABLE
   CODE SIZE        =     47    ----
   CONSTANT SIZE    =   ----    ----
   XDATA SIZE       =   ----    ----
   PDATA SIZE       =   ----    ----
   DATA SIZE        =   ----    ----
   IDATA SIZE       =   ----    ----
   BIT SIZE         =   ----    ----
END OF MODULE INFORMATION.


C51 COMPILATION COMPLETE.  0 WARNING(S),  0 ERROR(S)
