C51 COMPILER V9.60.0.0   IO_DRIVER                                                         12/25/2022 17:09:47 PAGE 1   


C51 COMPILER V9.60.0.0, COMPILATION OF MODULE IO_DRIVER
OBJECT MODULE PLACED IN .\Objects\IO_Driver.obj
COMPILER INVOKED BY: F:\Softwares\Keil\C51\BIN\C51.EXE IO_Driver.c OPTIMIZE(8,SPEED) BROWSE DEBUG OBJECTEXTEND PRINT(.\L
                    -istings\IO_Driver.lst) TABS(2) OBJECT(.\Objects\IO_Driver.obj)

line level    source

   1          #include "header.h"
   2          
   3          void IO_Bit_Write (U8 PORT_Num, U8 PIN_Num, U8 State) {
   4   1        switch (PORT_Num) {
   5   2          
   6   2          #ifdef PORT0
   7   2          case PORT0:
   8   2                  if (State == SET)
   9   2                    P0 |=(1 << PIN_Num);
  10   2                  else
  11   2                    P0 &= ~(1 << PIN_Num);
  12   2                  break;
  13   2          #endif
  14   2          
  15   2          #ifdef PORT1
  16   2          case PORT1:
  17   2                  if (State == SET)
  18   2                    P1 |=(1 << PIN_Num);
  19   2                  else
  20   2                    P1 &= ~(1 << PIN_Num);
  21   2                  break;
  22   2          #endif
  23   2          
  24   2          #ifdef PORT2
  25   2          case PORT2:
  26   2                  if (State == SET)
  27   2                    P2 |=(1 << PIN_Num);
  28   2                  else
  29   2                    P2 &= ~(1 << PIN_Num);
  30   2                  break;
  31   2          #endif
  32   2                  
  33   2          #ifdef PORT3
  34   2          case PORT3:
  35   2                  if (State == SET)
  36   2                    P3 |=(1 << PIN_Num);
  37   2                  else
  38   2                    P3 &= ~(1 << PIN_Num);
  39   2                  break;
  40   2          #endif
  41   2        }
  42   1      }
  43          
  44          /*This function is used to read live 
  45            status of given IO pin*/
  46          bit IO_Bit_Read (U8 PORT_Num, U8 PIN_Num) {
  47   1        U8 Status;
  48   1        switch (PORT_Num) {
  49   2          case PORT0:
  50   2            Status = ((P0 >> PIN_Num) & 1) ? 1 : 0;
  51   2            break;
  52   2          case PORT1:
  53   2            Status = ((P1 >> PIN_Num) & 1) ? 1 : 0;
  54   2            break;
C51 COMPILER V9.60.0.0   IO_DRIVER                                                         12/25/2022 17:09:47 PAGE 2   

  55   2          case PORT2:
  56   2            Status = ((P2 >> PIN_Num) & 1) ? 1 : 0;
  57   2            break;
  58   2          case PORT3:
  59   2            Status = ((P3 >> PIN_Num) & 1) ? 1 : 0;
  60   2            break;
  61   2        }
  62   1        return Status;
  63   1      }


MODULE INFORMATION:   STATIC OVERLAYABLE
   CODE SIZE        =    265    ----
   CONSTANT SIZE    =   ----    ----
   XDATA SIZE       =   ----    ----
   PDATA SIZE       =   ----    ----
   DATA SIZE        =   ----    ----
   IDATA SIZE       =   ----    ----
   BIT SIZE         =   ----    ----
END OF MODULE INFORMATION.


C51 COMPILATION COMPLETE.  0 WARNING(S),  0 ERROR(S)
