C51 COMPILER V9.60.0.0   LCD_8BIT_DRIVER                                                   12/27/2022 13:31:03 PAGE 1   


C51 COMPILER V9.60.0.0, COMPILATION OF MODULE LCD_8BIT_DRIVER
OBJECT MODULE PLACED IN .\Objects\LCD_8Bit_Driver.obj
COMPILER INVOKED BY: F:\Softwares\Keil\C51\BIN\C51.EXE LCD_8Bit_Driver.c OPTIMIZE(8,SPEED) BROWSE DEBUG OBJECTEXTEND PRI
                    -NT(.\Listings\LCD_8Bit_Driver.lst) TABS(2) OBJECT(.\Objects\LCD_8Bit_Driver.obj)

line level    source

   1          #include "header.h"
   2          
   3          #define LCD_PORT P0\
   4          
   5          sbit RS = P2^0;
   6          sbit RW = P2^1;
   7          sbit EN = P2^2;
   8          
   9          //Function to give command to the LCD Display
  10          void CMD_LCD (U8 Command) {
  11   1        LCD_PORT = Command;
  12   1        RS = CLEAR;
  13   1        RW = CLEAR;
  14   1        EN = SET;
  15   1          Delay_ms(2);
  16   1        EN = CLEAR;
  17   1      }
  18          
  19          //Function to Initialise the LCD Display
  20          void LCD_Init (void) {
  21   1        CMD_LCD(0x02);
  22   1        CMD_LCD(0x38);
  23   1        CMD_LCD(0x0E);
  24   1        CMD_LCD(0x01);
  25   1      }
  26          
  27          //Function to print Data on the LCD Display
  28          void Data_LCD (U8 Data) {
  29   1        LCD_PORT = Data;
  30   1        RS = SET;
  31   1        RW = CLEAR;
  32   1        EN = SET;
  33   1          Delay_ms(2);
  34   1        EN = CLEAR;
  35   1      }
  36          
  37          //Function to print a character on the LCD Display
  38          void Write_Char_LCD (U8 Ch) {
  39   1        LCD_PORT = Ch;
  40   1        RS = SET;
  41   1        RW = CLEAR;
  42   1        EN = SET;
  43   1          Delay_ms(2);
  44   1        EN = CLEAR;
  45   1      }
  46          
  47          //Function to print the String on the LCD Display
  48          void Write_Str_LCD (S8 *Ptr) {
  49   1        while (*Ptr != 0) {
  50   2          Data_LCD(*Ptr);
  51   2          Ptr++;
  52   2        }
  53   1      }
  54          
C51 COMPILER V9.60.0.0   LCD_8BIT_DRIVER                                                   12/27/2022 13:31:03 PAGE 2   

  55          //Function to print the integer on the LCD Display
  56          void Write_Int_LCD (S16 Number) {
  57   1        S8 A[10], i = 0;
  58   1        
  59   1        if (Number < 0) {
  60   2          Data_LCD('-');
  61   2          Number = -Number;
  62   2        }
  63   1        
  64   1        do {
  65   2          A[i] = (Number % 10) + 48;
  66   2          i++;
  67   2          Number = Number / 10;
  68   2        } while (Number != 0);
  69   1        
  70   1        for (i; i > 0; i--)
  71   1          Data_LCD(A[i - 1]);
  72   1      }


MODULE INFORMATION:   STATIC OVERLAYABLE
   CODE SIZE        =    223    ----
   CONSTANT SIZE    =   ----    ----
   XDATA SIZE       =   ----    ----
   PDATA SIZE       =   ----    ----
   DATA SIZE        =   ----      16
   IDATA SIZE       =   ----    ----
   BIT SIZE         =   ----    ----
END OF MODULE INFORMATION.


C51 COMPILATION COMPLETE.  0 WARNING(S),  0 ERROR(S)
