C51 COMPILER V9.60.0.0   SWITCH                                                            12/23/2022 17:58:14 PAGE 1   


C51 COMPILER V9.60.0.0, COMPILATION OF MODULE SWITCH
OBJECT MODULE PLACED IN .\Objects\Switch.obj
COMPILER INVOKED BY: F:\Softwares\Keil\C51\BIN\C51.EXE Switch.c OPTIMIZE(8,SPEED) BROWSE DEBUG OBJECTEXTEND PRINT(.\List
                    -ings\Switch.lst) TABS(2) OBJECT(.\Objects\Switch.obj)

line level    source

   1          #include <reg52.h>
   2          #include "LED.h"
   3          
   4          sbit SW = P3^2;
   5          
   6          void main () {
   7   1        while (1) {
   8   2          if (SW == 0)
   9   2            Green_LED(0);
  10   2          else
  11   2            Green_LED(1);
  12   2        }
  13   1      }


MODULE INFORMATION:   STATIC OVERLAYABLE
   CODE SIZE        =     17    ----
   CONSTANT SIZE    =   ----    ----
   XDATA SIZE       =   ----    ----
   PDATA SIZE       =   ----    ----
   DATA SIZE        =   ----    ----
   IDATA SIZE       =   ----    ----
   BIT SIZE         =   ----    ----
END OF MODULE INFORMATION.


C51 COMPILATION COMPLETE.  0 WARNING(S),  0 ERROR(S)
